<?xml version="1.0" encoding="UTF-8"?>
<!-- Generated by org.testng.reporters.JUnitXMLReporter -->
<testsuite ignored="0" hostname="DESKTOP-DC3G83S" failures="0" tests="4" name="Default test" time="0.131" errors="0" timestamp="2025-08-25T11:31:09 IST">
  <testcase classname="com.swaglabUITest.Base.BaseClass" name="@BeforeTest setUp" time="-1.756101668957E9">
    <failure type="org.testng.TestNGException" message="
Parameter &amp;apos;bname&amp;apos; is required by BeforeTest on method setUp but has not been marked @Optional or defined
in C:\Users\BusinessComputers.in\AppData\Local\Temp\testng-eclipse-1147899458\testng-customsuite.xml">
      <![CDATA[org.testng.TestNGException: 
Parameter 'bname' is required by BeforeTest on method setUp but has not been marked @Optional or defined
in C:\Users\BusinessComputers.in\AppData\Local\Temp\testng-eclipse-1147899458\testng-customsuite.xml
at org.testng.internal.Parameters.createParams(Parameters.java:264)
at org.testng.internal.Parameters.createParametersForMethod(Parameters.java:352)
at org.testng.internal.Parameters.createParameters(Parameters.java:690)
at org.testng.internal.Parameters.createConfigurationParameters(Parameters.java:163)
at org.testng.internal.invokers.ConfigInvoker.invokeConfigurations(ConfigInvoker.java:313)
at org.testng.TestRunner.invokeTestConfigurations(TestRunner.java:657)
at org.testng.TestRunner.beforeRun(TestRunner.java:646)
at org.testng.TestRunner.run(TestRunner.java:612)
at org.testng.SuiteRunner.runTest(SuiteRunner.java:421)
at org.testng.SuiteRunner.runSequentially(SuiteRunner.java:413)
at org.testng.SuiteRunner.privateRun(SuiteRunner.java:373)
at org.testng.SuiteRunner.run(SuiteRunner.java:312)
at org.testng.SuiteRunnerWorker.runSuite(SuiteRunnerWorker.java:52)
at org.testng.SuiteRunnerWorker.run(SuiteRunnerWorker.java:95)
at org.testng.TestNG.runSuitesSequentially(TestNG.java:1274)
at org.testng.TestNG.runSuitesLocally(TestNG.java:1208)
at org.testng.TestNG.runSuites(TestNG.java:1112)
at org.testng.TestNG.run(TestNG.java:1079)
at org.testng.remote.AbstractRemoteTestNG.run(AbstractRemoteTestNG.java:115)
at org.testng.remote.RemoteTestNG.initAndRun(RemoteTestNG.java:293)
at org.testng.remote.RemoteTestNG.main(RemoteTestNG.java:91)
]]>
    </failure>
  </testcase> <!-- @BeforeTest setUp -->
  <testcase classname="com.swaglabUITest.TestCases.T2_InventoryTest" name="@BeforeClass Login" time="0.0">
    <skipped/>
  </testcase> <!-- @BeforeClass Login -->
  <testcase classname="com.swaglabUITest.TestCases.T2_InventoryTest" name="Validatethecount" time="0.001">
    <skipped/>
  </testcase> <!-- Validatethecount -->
  <testcase classname="com.swaglabUITest.TestCases.T2_InventoryTest" name="ValidateProductDeatils" time="0.0">
    <skipped/>
  </testcase> <!-- ValidateProductDeatils -->
  <testcase classname="com.swaglabUITest.TestCases.T2_InventoryTest" name="ValidateAddtocart" time="0.001">
    <skipped/>
  </testcase> <!-- ValidateAddtocart -->
  <testcase classname="com.swaglabUITest.TestCases.T2_InventoryTest" name="validateCartPageLaunch" time="0.0">
    <skipped/>
  </testcase> <!-- validateCartPageLaunch -->
</testsuite> <!-- Default test -->
