<?xml version="1.0" encoding="UTF-8"?>
<!-- Generated by org.testng.reporters.JUnitXMLReporter -->
<testsuite ignored="0" hostname="DESKTOP-DC3G83S" failures="0" tests="3" name="Default test" time="0.215" errors="0" timestamp="2025-09-15T11:07:37 IST">
  <testcase classname="TESTNG_FRAMEWORK.Listeners.TestListeners" name="Test1" time="0.042"/>
  <testcase classname="TESTNG_FRAMEWORK.Listeners.TestListeners" name="Test2" time="0.003"/>
  <testcase classname="TESTNG_FRAMEWORK.Listeners.TestListeners" name="Test3" time="0.007"/>
</testsuite> <!-- Default test -->
