<?xml version="1.0" encoding="UTF-8"?>
<!-- Generated by org.testng.reporters.JUnitXMLReporter -->
<testsuite ignored="0" hostname="DESKTOP-DC3G83S" failures="0" tests="4" name="CartTest" time="26.405" errors="0" timestamp="2025-08-27T15:32:51 IST">
  <testcase classname="com.swaglabUITest.TestCases.T3_CartTest" name="verifytotalproductincart" time="0.089"/>
  <testcase classname="com.swaglabUITest.TestCases.T3_CartTest" name="removeproductintocart" time="0.157"/>
  <testcase classname="com.swaglabUITest.TestCases.T3_CartTest" name="validatecontinueshoppingbtn" time="9.54"/>
  <testcase classname="com.swaglabUITest.TestCases.T3_CartTest" name="validatecheckoutbtn" time="3.132"/>
</testsuite> <!-- CartTest -->
