<?xml version="1.0" encoding="UTF-8"?>
<!-- Generated by org.testng.reporters.JUnitXMLReporter -->
<testsuite ignored="0" hostname="DESKTOP-DC3G83S" failures="0" tests="4" name="CartTest" time="23.215" errors="0" timestamp="2025-09-17T11:26:55 IST">
  <testcase classname="com.swaglabUITest.TestCases.T3_CartTest" name="verifytotalproductincart" time="0.062"/>
  <testcase classname="com.swaglabUITest.TestCases.T3_CartTest" name="removeproductintocart" time="0.121"/>
  <testcase classname="com.swaglabUITest.TestCases.T3_CartTest" name="validatecontinueshoppingbtn" time="9.833"/>
  <testcase classname="com.swaglabUITest.TestCases.T3_CartTest" name="validatecheckoutbtn" time="3.172"/>
</testsuite> <!-- CartTest -->
