<?xml version="1.0" encoding="UTF-8"?>
<!-- Generated by org.testng.reporters.JUnitXMLReporter -->
<testsuite ignored="1" hostname="DESKTOP-DC3G83S" failures="0" tests="7" name="ChromeTest" time="30.518" errors="0" timestamp="2025-08-27T15:49:37 IST">
  <testcase classname="com.swaglabUITest.TestCases.T2_InventoryTest" name="@BeforeClass Login" time="1.831">
    <failure type="java.lang.NullPointerException" message="Cannot invoke &amp;quot;com.swaglabUITest.Pages.P1_Loginpage.doLogin(String, String)&amp;quot; because &amp;quot;this.lp&amp;quot; is null">
      <![CDATA[java.lang.NullPointerException: Cannot invoke "com.swaglabUITest.Pages.P1_Loginpage.doLogin(String, String)" because "this.lp" is null
at com.swaglabUITest.TestCases.T2_InventoryTest.Login(T2_InventoryTest.java:16)
at java.base/java.util.ArrayList.forEach(ArrayList.java:1596)
at java.base/java.util.concurrent.FutureTask.run(FutureTask.java:317)
at java.base/java.util.concurrent.ThreadPoolExecutor.runWorker(ThreadPoolExecutor.java:1144)
at java.base/java.util.concurrent.ThreadPoolExecutor$Worker.run(ThreadPoolExecutor.java:642)
at java.base/java.lang.Thread.run(Thread.java:1583)
... Removed 13 stack frames]]>
    </failure>
  </testcase> <!-- @BeforeClass Login -->
  <testcase classname="com.swaglabUITest.TestCases.T2_InventoryTest" name="@BeforeClass Login" time="0.185">
    <failure type="java.lang.NullPointerException" message="Cannot invoke &amp;quot;com.swaglabUITest.Pages.P1_Loginpage.doLogin(String, String)&amp;quot; because &amp;quot;this.lp&amp;quot; is null">
      <![CDATA[java.lang.NullPointerException: Cannot invoke "com.swaglabUITest.Pages.P1_Loginpage.doLogin(String, String)" because "this.lp" is null
at com.swaglabUITest.TestCases.T2_InventoryTest.Login(T2_InventoryTest.java:16)
at java.base/java.util.ArrayList.forEach(ArrayList.java:1596)
at java.base/java.util.concurrent.FutureTask.run(FutureTask.java:317)
at java.base/java.util.concurrent.ThreadPoolExecutor.runWorker(ThreadPoolExecutor.java:1144)
at java.base/java.util.concurrent.ThreadPoolExecutor$Worker.run(ThreadPoolExecutor.java:642)
at java.base/java.lang.Thread.run(Thread.java:1583)
... Removed 13 stack frames]]>
    </failure>
  </testcase> <!-- @BeforeClass Login -->
  <testcase classname="com.swaglabUITest.Base.BaseClass" name="@AfterClass tearDown" time="0.0">
    <skipped/>
  </testcase> <!-- @AfterClass tearDown -->
  <testcase classname="com.swaglabUITest.Base.BaseClass" name="@AfterClass tearDown" time="0.0">
    <skipped/>
  </testcase> <!-- @AfterClass tearDown -->
  <testcase classname="com.swaglabUITest.TestCases.T2_InventoryTest" name="Validatethecount" time="0.0">
    <skipped/>
  </testcase> <!-- Validatethecount -->
  <testcase classname="com.swaglabUITest.TestCases.T1_LoginTest" name="verifyUrl" time="0.437"/>
  <testcase classname="com.swaglabUITest.TestCases.T2_InventoryTest" name="ValidateProductDeatils" time="0.0">
    <skipped/>
  </testcase> <!-- ValidateProductDeatils -->
  <testcase classname="com.swaglabUITest.TestCases.T1_LoginTest" name="verifyTittle" time="0.017"/>
  <testcase classname="com.swaglabUITest.TestCases.T2_InventoryTest" name="ValidateAddtocart" time="0.0">
    <skipped/>
  </testcase> <!-- ValidateAddtocart -->
  <testcase classname="com.swaglabUITest.TestCases.T1_LoginTest" name="validatlogin" time="24.442"/>
  <testcase classname="com.swaglabUITest.TestCases.T2_InventoryTest" name="validateCartPageLaunch" time="0.0">
    <skipped/>
  </testcase> <!-- validateCartPageLaunch -->
  <testcase classname="com.swaglabUITest.Base.BaseClass" name="@BeforeTest setUp" time="0.0">
    <ignored/>
  </testcase> <!-- @BeforeTest setUp -->
</testsuite> <!-- ChromeTest -->
