<?xml version="1.0" encoding="UTF-8"?>
<!-- Generated by org.testng.reporters.JUnitXMLReporter -->
<testsuite ignored="0" hostname="DESKTOP-DC3G83S" failures="0" tests="4" name="InverntoryTest" time="12.612" errors="0" timestamp="2025-08-27T15:32:25 IST">
  <testcase classname="com.swaglabUITest.TestCases.T2_InventoryTest" name="Validatethecount" time="0.024"/>
  <testcase classname="com.swaglabUITest.TestCases.T2_InventoryTest" name="ValidateProductDeatils" time="0.148"/>
  <testcase classname="com.swaglabUITest.TestCases.T2_InventoryTest" name="ValidateAddtocart" time="0.235"/>
  <testcase classname="com.swaglabUITest.TestCases.T2_InventoryTest" name="validateCartPageLaunch" time="3.133"/>
</testsuite> <!-- InverntoryTest -->
