<?xml version="1.0" encoding="UTF-8"?>
<!-- Generated by org.testng.reporters.JUnitXMLReporter -->
<testsuite ignored="0" hostname="DESKTOP-DC3G83S" failures="0" tests="3" name="LoginTest" time="10.944" errors="0" timestamp="2025-08-27T15:32:12 IST">
  <testcase classname="com.swaglabUITest.TestCases.T1_LoginTest" name="verifyUrl" time="0.039"/>
  <testcase classname="com.swaglabUITest.TestCases.T1_LoginTest" name="verifyTittle" time="0.033"/>
  <testcase classname="com.swaglabUITest.TestCases.T1_LoginTest" name="validatlogin" time="5.06"/>
</testsuite> <!-- LoginTest -->
