<?xml version="1.0" encoding="UTF-8"?>
<!-- Generated by org.testng.reporters.JUnitXMLReporter -->
<testsuite ignored="0" hostname="DESKTOP-DC3G83S" failures="0" tests="3" name="Test1" time="0.072" errors="0" timestamp="2025-08-05T11:29:42 IST">
  <testcase classname="TESTNG_FRAMEWORK.Annotations.ClassB" name="test1" time="0.005"/>
  <testcase classname="TESTNG_FRAMEWORK.Annotations.ClassB" name="test2" time="0.011"/>
  <testcase classname="TESTNG_FRAMEWORK.Annotations.ClassB" name="test3" time="0.008"/>
</testsuite> <!-- Test1 -->
