<?xml version="1.0" encoding="UTF-8"?>
<!-- Generated by org.testng.reporters.JUnitXMLReporter -->
<testsuite ignored="4" hostname="DESKTOP-DC3G83S" failures="0" tests="5" name="Test2" time="0.094" errors="0" timestamp="2025-08-05T11:29:42 IST">
  <testcase classname="TESTNG_FRAMEWORK.Annotations.ClassB" name="test1" time="0.005"/>
  <testcase classname="TESTNG_FRAMEWORK.Annotations.ClassB" name="test2" time="0.006"/>
  <testcase classname="TESTNG_FRAMEWORK.Annotations.ClassB" name="test3" time="0.003"/>
  <testcase classname="TESTNG_FRAMEWORK.Annotations.ClassA" name="test1" time="0.005"/>
  <testcase classname="TESTNG_FRAMEWORK.Annotations.ClassA" name="test2" time="0.005"/>
  <testcase classname="TESTNG_FRAMEWORK.Annotations.BaseTest" name="@AfterTest ATest" time="0.0">
    <ignored/>
  </testcase> <!-- @AfterTest ATest -->
  <testcase classname="TESTNG_FRAMEWORK.Annotations.BaseTest" name="@BeforeTest BTest" time="0.0">
    <ignored/>
  </testcase> <!-- @BeforeTest BTest -->
  <testcase classname="TESTNG_FRAMEWORK.Annotations.BaseTest" name="@BeforeSuite Bsuite" time="0.0">
    <ignored/>
  </testcase> <!-- @BeforeSuite Bsuite -->
  <testcase classname="TESTNG_FRAMEWORK.Annotations.BaseTest" name="@AfterSuite ASuite" time="0.0">
    <ignored/>
  </testcase> <!-- @AfterSuite ASuite -->
</testsuite> <!-- Test2 -->
