<?xml version="1.0" encoding="UTF-8"?>
<!-- Generated by org.testng.reporters.JUnitXMLReporter -->
<testsuite ignored="1" hostname="DESKTOP-DC3G83S" failures="0" tests="7" name="Test2" time="6.401" errors="0" timestamp="2025-08-22T11:38:01 IST">
  <testcase classname="com.swaglabUITest.TestCases.T2_InventoryTest" name="Validatethecount" time="0.0">
    <skipped/>
  </testcase> <!-- Validatethecount -->
  <testcase classname="com.swaglabUITest.TestCases.T1_LoginTest" name="verifyUrl" time="0.515"/>
  <testcase classname="com.swaglabUITest.TestCases.T2_InventoryTest" name="ValidateProductDeatils" time="0.0">
    <skipped/>
  </testcase> <!-- ValidateProductDeatils -->
  <testcase classname="com.swaglabUITest.TestCases.T1_LoginTest" name="verifyTittle" time="0.298"/>
  <testcase classname="com.swaglabUITest.TestCases.T2_InventoryTest" name="ValidateAddtocart" time="0.0">
    <skipped/>
  </testcase> <!-- ValidateAddtocart -->
  <testcase classname="com.swaglabUITest.TestCases.T1_LoginTest" name="validatlogin" time="1.04"/>
  <testcase classname="com.swaglabUITest.TestCases.T2_InventoryTest" name="validateCartPageLaunch" time="0.0">
    <skipped/>
  </testcase> <!-- validateCartPageLaunch -->
  <testcase classname="com.swaglabUITest.Base.BaseClass" name="@BeforeTest setUp" time="0.0">
    <ignored/>
  </testcase> <!-- @BeforeTest setUp -->
</testsuite> <!-- Test2 -->
