<?xml version="1.0" encoding="UTF-8"?>
<testng-results ignored="0" total="6" passed="5" failed="1" skipped="0">
  <reporter-output>
  </reporter-output>
  <suite started-at="2025-10-14T11:21:33 IST" name="Default suite" finished-at="2025-10-14T11:21:48 IST" duration-ms="15266">
    <groups>
    </groups>
    <test started-at="2025-10-14T11:21:33 IST" name="Default test" finished-at="2025-10-14T11:21:48 IST" duration-ms="15266">
      <class name="Com.APIBasic.T07_APIChaining">
        <test-method signature="createnewBooking()[pri:1, instance:Com.APIBasic.T07_APIChaining@368f2016]" started-at="2025-10-14T11:21:33 IST" name="createnewBooking" finished-at="2025-10-14T11:21:39 IST" duration-ms="6497" status="PASS">
          <reporter-output>
          </reporter-output>
        </test-method> <!-- createnewBooking -->
        <test-method signature="getbookingid()[pri:2, instance:Com.APIBasic.T07_APIChaining@368f2016]" started-at="2025-10-14T11:21:39 IST" name="getbookingid" finished-at="2025-10-14T11:21:41 IST" duration-ms="1858" status="PASS">
          <reporter-output>
          </reporter-output>
        </test-method> <!-- getbookingid -->
        <test-method signature="createToken()[pri:3, instance:Com.APIBasic.T07_APIChaining@368f2016]" started-at="2025-10-14T11:21:41 IST" name="createToken" finished-at="2025-10-14T11:21:44 IST" duration-ms="2556" status="PASS">
          <reporter-output>
          </reporter-output>
        </test-method> <!-- createToken -->
        <test-method signature="fullUpdateBooking()[pri:4, instance:Com.APIBasic.T07_APIChaining@368f2016]" started-at="2025-10-14T11:21:44 IST" name="fullUpdateBooking" finished-at="2025-10-14T11:21:45 IST" duration-ms="1379" status="FAIL">
          <exception class="java.lang.AssertionError">
            <message>
              <![CDATA[expected [Amit] but found [sai]]]>
            </message>
            <full-stacktrace>
              <![CDATA[java.lang.AssertionError: expected [Amit] but found [sai]
at org.testng.Assert.fail(Assert.java:111)
at org.testng.Assert.failNotEquals(Assert.java:1590)
at org.testng.Assert.assertEqualsImpl(Assert.java:150)
at org.testng.Assert.assertEquals(Assert.java:132)
at org.testng.Assert.assertEquals(Assert.java:656)
at org.testng.Assert.assertEquals(Assert.java:666)
at Com.APIBasic.T07_APIChaining.fullUpdateBooking(T07_APIChaining.java:158)
at java.base/jdk.internal.reflect.DirectMethodHandleAccessor.invoke(DirectMethodHandleAccessor.java:103)
at java.base/java.lang.reflect.Method.invoke(Method.java:580)
at org.testng.internal.invokers.MethodInvocationHelper.invokeMethod(MethodInvocationHelper.java:141)
at org.testng.internal.invokers.TestInvoker.invokeMethod(TestInvoker.java:687)
at org.testng.internal.invokers.TestInvoker.invokeTestMethod(TestInvoker.java:230)
at org.testng.internal.invokers.MethodRunner.runInSequence(MethodRunner.java:63)
at org.testng.internal.invokers.TestInvoker$MethodInvocationAgent.invoke(TestInvoker.java:995)
at org.testng.internal.invokers.TestInvoker.invokeTestMethods(TestInvoker.java:203)
at org.testng.internal.invokers.TestMethodWorker.invokeTestMethods(TestMethodWorker.java:154)
at org.testng.internal.invokers.TestMethodWorker.run(TestMethodWorker.java:134)
at java.base/java.util.ArrayList.forEach(ArrayList.java:1596)
at org.testng.TestRunner.privateRun(TestRunner.java:741)
at org.testng.TestRunner.run(TestRunner.java:616)
at org.testng.SuiteRunner.runTest(SuiteRunner.java:421)
at org.testng.SuiteRunner.runSequentially(SuiteRunner.java:413)
at org.testng.SuiteRunner.privateRun(SuiteRunner.java:373)
at org.testng.SuiteRunner.run(SuiteRunner.java:312)
at org.testng.SuiteRunnerWorker.runSuite(SuiteRunnerWorker.java:52)
at org.testng.SuiteRunnerWorker.run(SuiteRunnerWorker.java:95)
at org.testng.TestNG.runSuitesSequentially(TestNG.java:1274)
at org.testng.TestNG.runSuitesLocally(TestNG.java:1208)
at org.testng.TestNG.runSuites(TestNG.java:1112)
at org.testng.TestNG.run(TestNG.java:1079)
at org.testng.remote.AbstractRemoteTestNG.run(AbstractRemoteTestNG.java:115)
at org.testng.remote.RemoteTestNG.initAndRun(RemoteTestNG.java:293)
at org.testng.remote.RemoteTestNG.main(RemoteTestNG.java:91)
]]>
            </full-stacktrace>
          </exception> <!-- java.lang.AssertionError -->
          <reporter-output>
          </reporter-output>
        </test-method> <!-- fullUpdateBooking -->
        <test-method signature="partialBookingUpdate()[pri:5, instance:Com.APIBasic.T07_APIChaining@368f2016]" started-at="2025-10-14T11:21:45 IST" name="partialBookingUpdate" finished-at="2025-10-14T11:21:46 IST" duration-ms="1444" status="PASS">
          <reporter-output>
          </reporter-output>
        </test-method> <!-- partialBookingUpdate -->
        <test-method signature="deleteSameBooking()[pri:6, instance:Com.APIBasic.T07_APIChaining@368f2016]" started-at="2025-10-14T11:21:46 IST" name="deleteSameBooking" finished-at="2025-10-14T11:21:48 IST" duration-ms="1358" status="PASS">
          <reporter-output>
          </reporter-output>
        </test-method> <!-- deleteSameBooking -->
      </class> <!-- Com.APIBasic.T07_APIChaining -->
    </test> <!-- Default test -->
  </suite> <!-- Default suite -->
</testng-results>
