<?xml version="1.0" encoding="UTF-8"?>
<testng-results ignored="0" total="4" passed="4" failed="0" skipped="0">
  <reporter-output>
  </reporter-output>
  <suite started-at="2025-10-13T11:26:44 IST" name="Default suite" finished-at="2025-10-13T11:26:51 IST" duration-ms="6868">
    <groups>
    </groups>
    <test started-at="2025-10-13T11:26:44 IST" name="Default test" finished-at="2025-10-13T11:26:51 IST" duration-ms="6868">
      <class name="Com.APIBasic.T6_JsonPayloadWay">
        <test-method signature="CreatePayloadusingbasic()[pri:1, instance:Com.APIBasic.T6_JsonPayloadWay@368f2016]" started-at="2025-10-13T11:26:44 IST" name="CreatePayloadusingbasic" finished-at="2025-10-13T11:26:49 IST" duration-ms="5036" status="PASS">
          <reporter-output>
          </reporter-output>
        </test-method> <!-- CreatePayloadusingbasic -->
        <test-method signature="testPayloadUsingHashMap()[pri:2, instance:Com.APIBasic.T6_JsonPayloadWay@368f2016]" started-at="2025-10-13T11:26:49 IST" name="testPayloadUsingHashMap" finished-at="2025-10-13T11:26:50 IST" duration-ms="977" status="PASS">
          <reporter-output>
          </reporter-output>
        </test-method> <!-- testPayloadUsingHashMap -->
        <test-method signature="testPayloadUsingPojoClass()[pri:3, instance:Com.APIBasic.T6_JsonPayloadWay@368f2016]" started-at="2025-10-13T11:26:50 IST" name="testPayloadUsingPojoClass" finished-at="2025-10-13T11:26:51 IST" duration-ms="463" status="PASS">
          <reporter-output>
          </reporter-output>
        </test-method> <!-- testPayloadUsingPojoClass -->
        <test-method signature="testPayloadUsingJsonFile()[pri:5, instance:Com.APIBasic.T6_JsonPayloadWay@368f2016]" started-at="2025-10-13T11:26:51 IST" name="testPayloadUsingJsonFile" finished-at="2025-10-13T11:26:51 IST" duration-ms="231" status="PASS">
          <reporter-output>
          </reporter-output>
        </test-method> <!-- testPayloadUsingJsonFile -->
      </class> <!-- Com.APIBasic.T6_JsonPayloadWay -->
    </test> <!-- Default test -->
  </suite> <!-- Default suite -->
</testng-results>
