<?xml version="1.0" encoding="UTF-8"?>
<!-- Generated by org.testng.reporters.JUnitReportReporter -->
<testsuite hostname="DESKTOP-DC3G83S" failures="0" tests="3" name="TESTNG_FRAMEWORK.Demo3SetPrioritysame" time="0.026" errors="0" timestamp="2025-07-30T23:18:04 IST" skipped="0">
  <testcase classname="TESTNG_FRAMEWORK.Demo3SetPrioritysame" name="test1" time="0.017"/>
  <testcase classname="TESTNG_FRAMEWORK.Demo3SetPrioritysame" name="test3" time="0.004"/>
  <testcase classname="TESTNG_FRAMEWORK.Demo3SetPrioritysame" name="test2" time="0.005"/>
</testsuite> <!-- TESTNG_FRAMEWORK.Demo3SetPrioritysame -->
