<?xml version="1.0" encoding="UTF-8"?>
<!-- Generated by org.testng.reporters.JUnitReportReporter -->
<testsuite hostname="DESKTOP-DC3G83S" failures="0" tests="3" name="TESTNG_FRAMEWORK.PageFactory1.PageLocatorTest" time="1.240" errors="0" timestamp="2025-08-07T11:20:12 IST" skipped="0">
  <testcase classname="TESTNG_FRAMEWORK.PageFactory1.PageLocatorTest" name="ValidateURL" time="0.028"/>
  <testcase classname="TESTNG_FRAMEWORK.PageFactory1.PageLocatorTest" name="ValidateTittle" time="0.021"/>
  <testcase classname="TESTNG_FRAMEWORK.PageFactory1.PageLocatorTest" name="CompleteLogin" time="1.191"/>
</testsuite> <!-- TESTNG_FRAMEWORK.PageFactory1.PageLocatorTest -->
