<?xml version="1.0" encoding="UTF-8"?>
<!-- Generated by org.testng.reporters.JUnitReportReporter -->
<testsuite hostname="DESKTOP-DC3G83S" failures="0" tests="3" name="com.swaglabUITest.TestCases.T1_LoginTest" time="5.275" errors="0" timestamp="2025-09-17T11:27:37 IST" skipped="0">
  <testcase classname="com.swaglabUITest.TestCases.T1_LoginTest" name="verifyUrl" time="0.057"/>
  <testcase classname="com.swaglabUITest.TestCases.T1_LoginTest" name="verifyTittle" time="0.047"/>
  <testcase classname="com.swaglabUITest.TestCases.T1_LoginTest" name="validatlogin" time="5.171"/>
</testsuite> <!-- com.swaglabUITest.TestCases.T1_LoginTest -->
