<?xml version="1.0" encoding="UTF-8"?>
<!-- Generated by org.testng.reporters.JUnitReportReporter -->
<testsuite hostname="DESKTOP-DC3G83S" failures="0" tests="4" name="com.swaglabUITest.TestCases.T3_CartTest" time="12.918" errors="0" timestamp="2025-08-27T15:33:34 IST" skipped="0">
  <testcase classname="com.swaglabUITest.TestCases.T3_CartTest" name="verifytotalproductincart" time="0.089"/>
  <testcase classname="com.swaglabUITest.TestCases.T3_CartTest" name="removeproductintocart" time="0.157"/>
  <testcase classname="com.swaglabUITest.TestCases.T3_CartTest" name="validatecontinueshoppingbtn" time="9.540"/>
  <testcase classname="com.swaglabUITest.TestCases.T3_CartTest" name="validatecheckoutbtn" time="3.132"/>
</testsuite> <!-- com.swaglabUITest.TestCases.T3_CartTest -->
