<?xml version="1.0" encoding="UTF-8"?>
<!-- Generated by org.testng.reporters.JUnitReportReporter -->
<testsuite hostname="DESKTOP-DC3G83S" failures="0" tests="3" name="Com.RemoteExcecution.CrossBrowserTesting" time="167.447" errors="0" timestamp="2025-09-11T11:21:51 IST" skipped="0">
  <testcase classname="Com.RemoteExcecution.CrossBrowserTesting" name="crossBrowser" time="69.551"/>
  <testcase classname="Com.RemoteExcecution.CrossBrowserTesting" name="crossBrowser" time="60.990"/>
  <testcase classname="Com.RemoteExcecution.CrossBrowserTesting" name="crossBrowser" time="36.906"/>
</testsuite> <!-- Com.RemoteExcecution.CrossBrowserTesting -->
