<?xml version="1.0" encoding="UTF-8"?>
<!-- Generated by org.testng.reporters.JUnitReportReporter -->
<testsuite hostname="DESKTOP-DC3G83S" failures="0" tests="3" name="TESTNG_FRAMEWORK.Demo6Timeout" time="0.032" errors="0" timestamp="2025-08-04T11:37:47 IST" skipped="0">
  <testcase classname="TESTNG_FRAMEWORK.Demo6Timeout" name="testTimeout1" time="0.024"/>
  <testcase classname="TESTNG_FRAMEWORK.Demo6Timeout" name="testTimeout2" time="0.005"/>
  <testcase classname="TESTNG_FRAMEWORK.Demo6Timeout" name="testTimeout3" time="0.003"/>
</testsuite> <!-- TESTNG_FRAMEWORK.Demo6Timeout -->
