<?xml version="1.0" encoding="UTF-8"?>
<!-- Generated by org.testng.reporters.JUnitReportReporter -->
<testsuite hostname="DESKTOP-DC3G83S" failures="0" tests="6" name="TESTNG_FRAMEWORK.Demo4invocationCount" time="0.053" errors="0" timestamp="2025-07-30T23:22:01 IST" skipped="0">
  <testcase classname="TESTNG_FRAMEWORK.Demo4invocationCount" name="test4" time="0.015"/>
  <testcase classname="TESTNG_FRAMEWORK.Demo4invocationCount" name="test1" time="0.017"/>
  <testcase classname="TESTNG_FRAMEWORK.Demo4invocationCount" name="test1" time="0.003"/>
  <testcase classname="TESTNG_FRAMEWORK.Demo4invocationCount" name="test2" time="0.007"/>
  <testcase classname="TESTNG_FRAMEWORK.Demo4invocationCount" name="test3" time="0.008"/>
  <testcase classname="TESTNG_FRAMEWORK.Demo4invocationCount" name="test3" time="0.003"/>
</testsuite> <!-- TESTNG_FRAMEWORK.Demo4invocationCount -->
