<?xml version="1.0" encoding="UTF-8"?>
<!-- Generated by org.testng.reporters.JUnitReportReporter -->
<testsuite hostname="DESKTOP-DC3G83S" failures="0" tests="1" name="WindowHandling.S31_MultiplewindowHandlingInterviewQuestion" time="22.564" errors="0" timestamp="2025-07-08T11:36:15 IST" skipped="0">
  <testcase classname="WindowHandling.S31_MultiplewindowHandlingInterviewQuestion" name="testMultiplewindow" time="22.564"/>
</testsuite> <!-- WindowHandling.S31_MultiplewindowHandlingInterviewQuestion -->
