<?xml version="1.0" encoding="UTF-8"?>
<!-- Generated by org.testng.reporters.JUnitReportReporter -->
<testsuite hostname="DESKTOP-DC3G83S" failures="0" tests="4" name="TESTNG_FRAMEWORK.Annotations.ClassA" time="0.032" errors="0" timestamp="2025-08-05T11:29:43 IST" skipped="0">
  <testcase classname="TESTNG_FRAMEWORK.Annotations.ClassA" name="test1" time="0.015"/>
  <testcase classname="TESTNG_FRAMEWORK.Annotations.ClassA" name="test1" time="0.005"/>
  <testcase classname="TESTNG_FRAMEWORK.Annotations.ClassA" name="test2" time="0.007"/>
  <testcase classname="TESTNG_FRAMEWORK.Annotations.ClassA" name="test2" time="0.005"/>
</testsuite> <!-- TESTNG_FRAMEWORK.Annotations.ClassA -->
