<?xml version="1.0" encoding="UTF-8"?>
<!-- Generated by org.testng.reporters.JUnitReportReporter -->
<testsuite hostname="DESKTOP-DC3G83S" failures="0" tests="4" name="TESTNG_FRAMEWORK.Page_Object_Model1.Login_Page_Test" time="6.181" errors="0" timestamp="2025-08-06T11:12:31 IST" skipped="0">
  <testcase classname="TESTNG_FRAMEWORK.Page_Object_Model1.Login_Page_Test" name="ValidateURL" time="0.129"/>
  <testcase classname="TESTNG_FRAMEWORK.Page_Object_Model1.Login_Page_Test" name="setup" time="5.508"/>
  <testcase classname="TESTNG_FRAMEWORK.Page_Object_Model1.Login_Page_Test" name="ValidateTittle" time="0.030"/>
  <testcase classname="TESTNG_FRAMEWORK.Page_Object_Model1.Login_Page_Test" name="completelogin" time="0.514"/>
</testsuite> <!-- TESTNG_FRAMEWORK.Page_Object_Model1.Login_Page_Test -->
