<?xml version="1.0" encoding="UTF-8"?>
<!-- Generated by org.testng.reporters.JUnitReportReporter -->
<testsuite hostname="DESKTOP-DC3G83S" failures="0" tests="5" name="TESTNG_FRAMEWORK.Demo2withpriority" time="0.076" errors="0" timestamp="2025-07-30T23:14:45 IST" skipped="0">
  <testcase classname="TESTNG_FRAMEWORK.Demo2withpriority" name="test4" time="0.012"/>
  <testcase classname="TESTNG_FRAMEWORK.Demo2withpriority" name="test2" time="0.008"/>
  <testcase classname="TESTNG_FRAMEWORK.Demo2withpriority" name="test1" time="0.032"/>
  <testcase classname="TESTNG_FRAMEWORK.Demo2withpriority" name="test3" time="0.011"/>
  <testcase classname="TESTNG_FRAMEWORK.Demo2withpriority" name="test5" time="0.013"/>
</testsuite> <!-- TESTNG_FRAMEWORK.Demo2withpriority -->
