<?xml version="1.0" encoding="UTF-8"?>
<!-- Generated by org.testng.reporters.JUnitReportReporter -->
<testsuite hostname="DESKTOP-DC3G83S" failures="0" tests="4" name="TESTNG_FRAMEWORK.DataDrivenTesting.DataDrivendemo1" time="0.036" errors="0" timestamp="2025-08-20T11:20:32 IST" skipped="0">
  <testcase classname="TESTNG_FRAMEWORK.DataDrivenTesting.DataDrivendemo1" name="testcase" time="0.020"/>
  <testcase classname="TESTNG_FRAMEWORK.DataDrivenTesting.DataDrivendemo1" name="testcase" time="0.005"/>
  <testcase classname="TESTNG_FRAMEWORK.DataDrivenTesting.DataDrivendemo1" name="testcase" time="0.003"/>
  <testcase classname="TESTNG_FRAMEWORK.DataDrivenTesting.DataDrivendemo1" name="testcase" time="0.008"/>
</testsuite> <!-- TESTNG_FRAMEWORK.DataDrivenTesting.DataDrivendemo1 -->
