<?xml version="1.0" encoding="UTF-8"?>
<!-- Generated by org.testng.reporters.JUnitReportReporter -->
<testsuite hostname="DESKTOP-DC3G83S" failures="0" tests="3" name="TESTNG_FRAMEWORK.Listeners.TestListeners" time="0.040" errors="0" timestamp="2025-09-15T11:09:19 IST" skipped="0">
  <testcase classname="TESTNG_FRAMEWORK.Listeners.TestListeners" name="Test3" time="0.011"/>
  <testcase classname="TESTNG_FRAMEWORK.Listeners.TestListeners" name="Test1" time="0.024"/>
  <testcase classname="TESTNG_FRAMEWORK.Listeners.TestListeners" name="Test2" time="0.005"/>
</testsuite> <!-- TESTNG_FRAMEWORK.Listeners.TestListeners -->
