<?xml version="1.0" encoding="UTF-8"?>
<!-- Generated by org.testng.reporters.JUnitReportReporter -->
<testsuite hostname="DESKTOP-DC3G83S" failures="0" tests="4" name="TESTNG_FRAMEWORK.DataDrivenTesting.DataproviderArray" time="0.037" errors="0" timestamp="2025-08-20T11:29:31 IST" skipped="0">
  <testcase classname="TESTNG_FRAMEWORK.DataDrivenTesting.DataproviderArray" name="testcase" time="0.018"/>
  <testcase classname="TESTNG_FRAMEWORK.DataDrivenTesting.DataproviderArray" name="testcase" time="0.009"/>
  <testcase classname="TESTNG_FRAMEWORK.DataDrivenTesting.DataproviderArray" name="testcase" time="0.007"/>
  <testcase classname="TESTNG_FRAMEWORK.DataDrivenTesting.DataproviderArray" name="testcase" time="0.003"/>
</testsuite> <!-- TESTNG_FRAMEWORK.DataDrivenTesting.DataproviderArray -->
