<?xml version="1.0" encoding="UTF-8"?>
<!-- Generated by org.testng.reporters.JUnitReportReporter -->
<testsuite hostname="DESKTOP-DC3G83S" failures="0" tests="4" name="TESTNG_FRAMEWORK.Demo5SkipTestCases" time="0.029" errors="0" timestamp="2025-07-30T23:36:31 IST" skipped="1">
  <testcase classname="TESTNG_FRAMEWORK.Demo5SkipTestCases" name="test2" time="0.005"/>
  <testcase classname="TESTNG_FRAMEWORK.Demo5SkipTestCases" name="test5" time="0.007"/>
  <testcase classname="TESTNG_FRAMEWORK.Demo5SkipTestCases" name="test1" time="0.017"/>
  <testcase classname="TESTNG_FRAMEWORK.Demo5SkipTestCases" name="test3">
    <skipped/>
  </testcase> <!-- test3 -->
</testsuite> <!-- TESTNG_FRAMEWORK.Demo5SkipTestCases -->
