<?xml version="1.0" encoding="UTF-8"?>
<!-- Generated by org.testng.reporters.JUnitReportReporter -->
<testsuite hostname="DESKTOP-DC3G83S" failures="0" tests="2" name="TESTNG_FRAMEWORK.Annotations.OrangeHRMRealTime" time="6.513" errors="0" timestamp="2025-08-05T11:20:03 IST" skipped="0">
  <testcase classname="TESTNG_FRAMEWORK.Annotations.OrangeHRMRealTime" name="SignIn" time="1.382"/>
  <testcase classname="TESTNG_FRAMEWORK.Annotations.OrangeHRMRealTime" name="LogOut" time="5.131"/>
</testsuite> <!-- TESTNG_FRAMEWORK.Annotations.OrangeHRMRealTime -->
