<?xml version="1.0" encoding="UTF-8"?>
<!-- Generated by org.testng.reporters.JUnitReportReporter -->
<testsuite hostname="DESKTOP-DC3G83S" failures="0" tests="4" name="TESTNG_FRAMEWORK.Annotations.AnnotationTest" time="0.049" errors="0" timestamp="2025-08-05T10:48:08 IST" skipped="0">
  <testcase classname="TESTNG_FRAMEWORK.Annotations.AnnotationTest" name="test2" time="0.008"/>
  <testcase classname="TESTNG_FRAMEWORK.Annotations.AnnotationTest" name="test4" time="0.007"/>
  <testcase classname="TESTNG_FRAMEWORK.Annotations.AnnotationTest" name="test3" time="0.007"/>
  <testcase classname="TESTNG_FRAMEWORK.Annotations.AnnotationTest" name="test1" time="0.027"/>
</testsuite> <!-- TESTNG_FRAMEWORK.Annotations.AnnotationTest -->
