<?xml version="1.0" encoding="UTF-8"?>
<!-- Generated by org.testng.reporters.JUnitReportReporter -->
<testsuite hostname="DESKTOP-DC3G83S" failures="0" tests="2" name="com.swaglabUITest.TestCases.T5_OverviewTest" time="3.320" errors="0" timestamp="2025-09-11T11:24:44 IST" skipped="0">
  <testcase classname="com.swaglabUITest.TestCases.T5_OverviewTest" name="verifyPayment" time="0.153"/>
  <testcase classname="com.swaglabUITest.TestCases.T5_OverviewTest" name="validateChekout" time="3.167"/>
</testsuite> <!-- com.swaglabUITest.TestCases.T5_OverviewTest -->
