<?xml version="1.0" encoding="UTF-8"?>
<!-- Generated by org.testng.reporters.JUnitReportReporter -->
<testsuite hostname="DESKTOP-DC3G83S" failures="0" tests="4" name="com.swaglabUITest.TestCases.T3_CartTest" time="13.188" errors="0" timestamp="2025-09-17T11:27:37 IST" skipped="0">
  <testcase classname="com.swaglabUITest.TestCases.T3_CartTest" name="verifytotalproductincart" time="0.062"/>
  <testcase classname="com.swaglabUITest.TestCases.T3_CartTest" name="removeproductintocart" time="0.121"/>
  <testcase classname="com.swaglabUITest.TestCases.T3_CartTest" name="validatecontinueshoppingbtn" time="9.833"/>
  <testcase classname="com.swaglabUITest.TestCases.T3_CartTest" name="validatecheckoutbtn" time="3.172"/>
</testsuite> <!-- com.swaglabUITest.TestCases.T3_CartTest -->
