<?xml version="1.0" encoding="UTF-8"?>
<!-- Generated by org.testng.reporters.JUnitReportReporter -->
<testsuite hostname="DESKTOP-DC3G83S" failures="0" tests="3" name="TESTNG_FRAMEWORK.ExcelFile.Testexcelfile" time="1.320" errors="0" timestamp="2025-08-12T11:33:08 IST" skipped="1">
  <testcase classname="TESTNG_FRAMEWORK.ExcelFile.Testexcelfile" name="skipheading" time="0.074"/>
  <testcase classname="TESTNG_FRAMEWORK.ExcelFile.Testexcelfile" name="allSheet" time="1.246"/>
  <testcase classname="TESTNG_FRAMEWORK.ExcelFile.Testexcelfile" name="testexcelfile">
    <skipped/>
  </testcase> <!-- testexcelfile -->
</testsuite> <!-- TESTNG_FRAMEWORK.ExcelFile.Testexcelfile -->
