<?xml version="1.0" encoding="UTF-8"?>
<!-- Generated by org.testng.reporters.JUnitReportReporter -->
<testsuite hostname="DESKTOP-DC3G83S" failures="0" tests="4" name="Com.APIBasic.T6_JsonPayloadWay" time="6.707" errors="0" timestamp="2025-10-13T11:26:51 IST" skipped="0">
  <testcase classname="Com.APIBasic.T6_JsonPayloadWay" name="CreatePayloadusingbasic" time="5.036"/>
  <testcase classname="Com.APIBasic.T6_JsonPayloadWay" name="testPayloadUsingHashMap" time="0.977"/>
  <testcase classname="Com.APIBasic.T6_JsonPayloadWay" name="testPayloadUsingPojoClass" time="0.463"/>
  <testcase classname="Com.APIBasic.T6_JsonPayloadWay" name="testPayloadUsingJsonFile" time="0.231"/>
</testsuite> <!-- Com.APIBasic.T6_JsonPayloadWay -->
