<?xml version="1.0" encoding="UTF-8"?>
<!-- Generated by org.testng.reporters.JUnitReportReporter -->
<testsuite hostname="DESKTOP-DC3G83S" failures="0" tests="6" name="TESTNG_FRAMEWORK.Annotations.ClassB" time="0.038" errors="0" timestamp="2025-08-05T11:29:43 IST" skipped="0">
  <testcase classname="TESTNG_FRAMEWORK.Annotations.ClassB" name="test3" time="0.003"/>
  <testcase classname="TESTNG_FRAMEWORK.Annotations.ClassB" name="test1" time="0.005"/>
  <testcase classname="TESTNG_FRAMEWORK.Annotations.ClassB" name="test2" time="0.006"/>
  <testcase classname="TESTNG_FRAMEWORK.Annotations.ClassB" name="test3" time="0.008"/>
  <testcase classname="TESTNG_FRAMEWORK.Annotations.ClassB" name="test1" time="0.005"/>
  <testcase classname="TESTNG_FRAMEWORK.Annotations.ClassB" name="test2" time="0.011"/>
</testsuite> <!-- TESTNG_FRAMEWORK.Annotations.ClassB -->
