<?xml version="1.0" encoding="UTF-8"?>
<!-- Generated by org.testng.reporters.JUnitReportReporter -->
<testsuite hostname="DESKTOP-DC3G83S" failures="0" tests="2" name="TESTNG_FRAMEWORK.Annotations.RealTimeUseOfAnnotation_BaseConfing" time="1.984" errors="0" timestamp="2025-08-05T11:04:03 IST" skipped="0">
  <testcase classname="TESTNG_FRAMEWORK.Annotations.RealTimeUseOfAnnotation_BaseConfing" name="SignIn" time="1.162"/>
  <testcase classname="TESTNG_FRAMEWORK.Annotations.RealTimeUseOfAnnotation_BaseConfing" name="Regester" time="0.822"/>
</testsuite> <!-- TESTNG_FRAMEWORK.Annotations.RealTimeUseOfAnnotation_BaseConfing -->
