<?xml version="1.0" encoding="UTF-8"?>
<!-- Generated by org.testng.reporters.JUnitReportReporter -->
<testsuite hostname="DESKTOP-DC3G83S" failures="0" tests="4" name="com.swaglabUITest.TestCases.T2_InventoryTest" time="3.442" errors="0" timestamp="2025-08-28T11:43:11 IST" skipped="0">
  <testcase classname="com.swaglabUITest.TestCases.T2_InventoryTest" name="Validatethecount" time="0.021"/>
  <testcase classname="com.swaglabUITest.TestCases.T2_InventoryTest" name="ValidateProductDeatils" time="0.124"/>
  <testcase classname="com.swaglabUITest.TestCases.T2_InventoryTest" name="ValidateAddtocart" time="0.193"/>
  <testcase classname="com.swaglabUITest.TestCases.T2_InventoryTest" name="validateCartPageLaunch" time="3.104"/>
</testsuite> <!-- com.swaglabUITest.TestCases.T2_InventoryTest -->
