<?xml version="1.0" encoding="UTF-8"?>
<!-- Generated by org.testng.reporters.JUnitReportReporter -->
<testsuite hostname="DESKTOP-DC3G83S" failures="0" tests="4" name="com.swaglabUITest.TestCases.T3_CartTest" time="12.823" errors="0" timestamp="2025-08-28T11:43:11 IST" skipped="0">
  <testcase classname="com.swaglabUITest.TestCases.T3_CartTest" name="verifytotalproductincart" time="0.091"/>
  <testcase classname="com.swaglabUITest.TestCases.T3_CartTest" name="removeproductintocart" time="0.176"/>
  <testcase classname="com.swaglabUITest.TestCases.T3_CartTest" name="validatecontinueshoppingbtn" time="9.437"/>
  <testcase classname="com.swaglabUITest.TestCases.T3_CartTest" name="validatecheckoutbtn" time="3.119"/>
</testsuite> <!-- com.swaglabUITest.TestCases.T3_CartTest -->
