<?xml version="1.0" encoding="UTF-8"?>
<!-- Generated by org.testng.reporters.JUnitReportReporter -->
<testsuite hostname="DESKTOP-DC3G83S" failures="0" tests="3" name="com.swaglabUITest.TestCases.T1_LoginTest" time="5.291" errors="0" timestamp="2025-09-05T14:26:16 IST" skipped="0">
  <testcase classname="com.swaglabUITest.TestCases.T1_LoginTest" name="verifyUrl" time="0.019"/>
  <testcase classname="com.swaglabUITest.TestCases.T1_LoginTest" name="verifyTittle" time="0.024"/>
  <testcase classname="com.swaglabUITest.TestCases.T1_LoginTest" name="validatlogin" time="5.248"/>
</testsuite> <!-- com.swaglabUITest.TestCases.T1_LoginTest -->
