<?xml version="1.0" encoding="UTF-8"?>
<!-- Generated by org.testng.reporters.JUnitReportReporter -->
<testsuite hostname="DESKTOP-DC3G83S" failures="0" tests="3" name="com.swaglabUITest.TestCases.T1_LoginTest" time="4.973" errors="0" timestamp="2025-08-28T11:43:11 IST" skipped="0">
  <testcase classname="com.swaglabUITest.TestCases.T1_LoginTest" name="verifyUrl" time="0.023"/>
  <testcase classname="com.swaglabUITest.TestCases.T1_LoginTest" name="verifyTittle" time="0.017"/>
  <testcase classname="com.swaglabUITest.TestCases.T1_LoginTest" name="validatlogin" time="4.933"/>
</testsuite> <!-- com.swaglabUITest.TestCases.T1_LoginTest -->
